2025-03-23 19:31:53,436 - INFO - CSS file loaded successfully.
2025-03-23 19:31:59,919 - INFO - CSS file loaded successfully.
2025-03-23 19:32:01,918 - INFO - File 'Supply chain logisitcs problem.xlsx' uploaded and read successfully.
2025-03-23 19:32:02,141 - INFO - Histogram plotted for Order ID
2025-03-23 19:32:02,142 - INFO - Data analysis completed successfully.
2025-03-23 19:40:19,641 - INFO - CSS file loaded successfully.
2025-03-23 19:40:32,072 - INFO - CSS file loaded successfully.
2025-03-23 19:40:34,497 - INFO - File 'Supply chain logisitcs problem.xlsx' uploaded and read successfully.
2025-03-23 19:40:35,264 - INFO - Histogram plotted for Order ID
2025-03-23 19:40:35,265 - INFO - Data analysis completed successfully.
2025-03-23 19:48:02,252 - INFO - CSS file loaded successfully.
2025-03-23 20:06:36,090 - INFO - CSS file loaded successfully.
2025-03-23 20:14:34,823 - INFO - CSS file loaded successfully.
2025-03-23 20:14:37,294 - INFO - File 'Supply chain logisitcs problem.xlsx' uploaded and read successfully.
2025-03-23 20:14:37,967 - INFO - Histogram plotted for Order ID
2025-03-23 20:14:37,969 - INFO - Data analysis completed successfully.
2025-03-23 20:14:45,029 - INFO - CSS file loaded successfully.
2025-03-23 20:14:45,554 - INFO - File 'superstore.csv' uploaded and read successfully.
2025-03-23 20:14:46,712 - INFO - Histogram plotted for Discount
2025-03-23 20:14:46,713 - INFO - Data analysis completed successfully.
2025-03-23 20:14:53,590 - INFO - CSS file loaded successfully.
2025-03-23 20:14:54,124 - INFO - File 'superstore.csv' uploaded and read successfully.
2025-03-23 20:14:55,194 - INFO - Histogram plotted for Profit
2025-03-23 20:14:55,196 - INFO - Data analysis completed successfully.
2025-03-23 20:15:01,109 - INFO - CSS file loaded successfully.
2025-03-23 20:15:01,672 - INFO - File 'superstore.csv' uploaded and read successfully.
2025-03-23 20:15:02,731 - INFO - Histogram plotted for Year
2025-03-23 20:15:02,733 - INFO - Data analysis completed successfully.
2025-03-23 20:15:10,937 - INFO - CSS file loaded successfully.
2025-03-23 20:15:11,522 - INFO - File 'superstore.csv' uploaded and read successfully.
2025-03-23 20:15:12,512 - INFO - Histogram plotted for Shipping_Cost
2025-03-23 20:15:12,513 - INFO - Data analysis completed successfully.
2025-03-24 10:53:03,714 - INFO - CSS file loaded successfully.
2025-03-24 10:53:15,369 - INFO - CSS file loaded successfully.
2025-03-24 10:53:17,977 - INFO - File 'Supply chain logisitcs problem.xlsx' uploaded and read successfully.
2025-03-24 10:53:18,759 - INFO - Histogram plotted for Order ID
2025-03-24 10:53:18,760 - INFO - Data analysis completed successfully.
2025-03-25 17:50:34,985 - INFO - CSS file loaded successfully.
2025-03-25 17:50:41,114 - INFO - CSS file loaded successfully.
2025-03-25 17:50:43,581 - INFO - File 'Supply chain logisitcs problem.xlsx' uploaded and read successfully.
2025-03-25 17:50:44,305 - INFO - Histogram plotted for Order ID
2025-03-25 17:50:44,306 - INFO - Data analysis completed successfully.
